2025-09-09 19:04:18,215 - INFO - \u2705 Model & Vectorizer loaded successfully.
2025-09-09 19:14:23,167 - INFO - \u2705 Model & Vectorizer loaded successfully.
2025-09-09 17:44:58,719 - INFO - ✅ Model & Vectorizer loaded successfully.
2025-09-09 17:48:31,913 - INFO - ✅ Model & Vectorizer loaded successfully.
2025-09-09 17:53:49,691 - INFO - ✅ Model & Vectorizer loaded successfully.
2025-09-09 17:57:50,976 - INFO - ✅ Model & Vectorizer loaded successfully.
2025-09-09 18:02:17,990 - INFO - ✅ Model & Vectorizer loaded successfully.
2025-09-09 18:07:51,384 - INFO - ✅ Model & Vectorizer loaded successfully.
2025-09-09 18:15:31,000 - INFO - ✅ Model & Vectorizer loaded successfully.
2025-09-09 18:17:42,301 - INFO - ✅ Model & Vectorizer loaded successfully.
2025-09-09 18:20:24,804 - INFO - ✅ Model & Vectorizer loaded successfully.
2025-09-09 18:30:56,401 - INFO - Email analyzed: Prediction=legitimate, Confidence=0.50
2025-09-09 18:31:15,606 - INFO - Email analyzed: Prediction=legitimate, Confidence=0.50
2025-09-09 18:31:19,236 - INFO - Email analyzed: Prediction=legitimate, Confidence=0.50
2025-09-09 18:36:40,472 - INFO - ✅ Model & Vectorizer loaded successfully.
2025-09-09 18:42:01,100 - INFO - Email analyzed: Prediction=legitimate, Confidence=0.58
2025-09-09 19:09:16,244 - INFO - Email analyzed: Prediction=phishing, Confidence=0.60
2025-09-09 19:13:33,885 - INFO - ✅ Model & Vectorizer loaded successfully.
2025-09-09 19:14:15,135 - INFO - Email analyzed: Prediction=legitimate, Confidence=0.58
2025-09-09 19:14:20,832 - INFO - Email analyzed: Prediction=legitimate, Confidence=0.58
2025-09-09 19:15:06,298 - INFO - Email analyzed: Prediction=phishing, Confidence=0.60
2025-09-09 19:15:43,142 - INFO - Email analyzed: Prediction=phishing, Confidence=0.57
2025-09-09 19:16:54,433 - INFO - Email analyzed: Prediction=phishing, Confidence=0.60
2025-09-09 19:17:05,132 - INFO - Email analyzed: Prediction=phishing, Confidence=0.60
2025-09-09 19:24:24,287 - INFO - ✅ Model & Vectorizer loaded successfully.
2025-09-09 19:25:17,516 - INFO - Email analyzed: Prediction=legitimate, Confidence=0.58
2025-09-09 19:25:41,981 - INFO - Email analyzed: Prediction=phishing, Confidence=0.54
2025-09-16 15:13:31,375 - INFO - \u2705 Model & Vectorizer loaded successfully.
2025-09-16 15:24:38,991 - INFO - \u2705 Model & Vectorizer loaded successfully.
2025-09-16 15:26:39,004 - INFO - \u2705 Model & Vectorizer loaded successfully.
2025-09-16 15:26:39,009 - ERROR - Form data requires "python-multipart" to be installed. 
You can install "python-multipart" with: 

pip install python-multipart

2025-09-16 15:27:22,811 - INFO - \u2705 Model & Vectorizer loaded successfully.
2025-09-16 15:27:22,813 - ERROR - Form data requires "python-multipart" to be installed. 
You can install "python-multipart" with: 

pip install python-multipart

2025-09-16 15:29:13,338 - INFO - \u2705 Model & Vectorizer loaded successfully.
2025-09-16 15:36:21,807 - INFO - \u2705 Model & Vectorizer loaded successfully.
2025-09-16 15:38:45,395 - INFO - Email analyzed by admin: Prediction=phishing, Confidence=0.57
2025-09-16 16:33:08,707 - INFO - \u2705 Model & Vectorizer loaded successfully.
2025-09-16 16:46:58,738 - INFO - \u2705 Model & Vectorizer loaded successfully.
2025-09-16 18:59:56,602 - INFO - \u2705 Model & Vectorizer loaded successfully.
2025-09-16 19:19:26,387 - INFO - Email analyzed by admin: Prediction=legitimate, Confidence=0.51
2025-09-16 19:19:30,067 - INFO - Email analyzed by admin: Prediction=legitimate, Confidence=0.51
2025-09-16 19:19:31,881 - INFO - Email analyzed by admin: Prediction=legitimate, Confidence=0.51
2025-09-16 19:37:03,339 - INFO - Email analyzed by admin: Prediction=phishing, Confidence=0.62
2025-09-16 19:37:13,878 - INFO - Email analyzed by admin: Prediction=phishing, Confidence=0.62
2025-09-16 19:38:19,727 - INFO - Email analyzed by admin: Prediction=legitimate, Confidence=0.56
2025-09-16 19:48:18,621 - INFO - \u2705 Model & Vectorizer loaded successfully.
2025-09-16 19:49:10,864 - INFO - \u2705 Model & Vectorizer loaded successfully.
2025-09-16 19:52:15,758 - INFO - \u2705 Model & Vectorizer loaded successfully.
2025-09-16 19:53:37,461 - INFO - \u2705 Model & Vectorizer loaded successfully.
2025-09-16 20:09:04,447 - INFO - \u2705 Model & Vectorizer loaded successfully.
2025-09-16 20:44:13,338 - INFO - \u2705 Model & Vectorizer loaded successfully.
2025-09-16 20:57:50,856 - INFO - \u2705 Model & Vectorizer loaded successfully.
